2024-07-06 12:53:19 INFO  MarketService:39 - Market :,Ararat Bank successfully added
2024-07-06 13:04:13 INFO  MarketService:39 - Market :,Ararat Bank successfully added
2024-07-06 18:40:55 INFO  MarketService:47 - Market :,ACBA successfully added
2024-07-06 18:41:07 INFO  MarketService:47 - Market :,Ararat Bank successfully added
2024-07-06 22:21:19 INFO  ExchangeService:109 - Transaction was complete
2024-07-06 22:25:02 INFO  ExchangeService:109 - Transaction was complete
2024-07-06 22:31:15 INFO  ExchangeService:109 - Transaction was complete
2024-07-06 22:46:56 INFO  ExchangeService:109 - Transaction was complete
2024-07-06 22:53:09 INFO  ExchangeService:109 - Transaction was complete
2024-07-07 14:56:25 INFO  ExchangeService:109 - Transaction was complete
2024-07-07 15:26:00 INFO  ExchangeService:104 - Transaction was complete
2024-07-07 15:41:39 INFO  ExchangeService:104 - Transaction was complete
2024-07-07 15:47:18 INFO  ExchangeService:104 - Transaction was complete
2024-07-08 12:43:01 INFO  ExchangeService:111 - Transaction was complete
2024-07-08 17:07:07 INFO  MarketService:47 - Market :,null successfully added
2024-07-08 17:09:19 INFO  MarketService:47 - Market :,null successfully added
2024-07-08 17:10:21 INFO  MarketService:47 - Market :,null successfully added
2024-07-08 17:12:30 INFO  MarketService:47 - Market :,null successfully added
2024-07-08 17:12:30 INFO  MarketService:47 - Market :,null successfully added
2024-07-08 17:12:44 INFO  MarketService:47 - Market :,null successfully added
2024-07-08 17:13:30 INFO  MarketService:47 - Market :,null successfully added
2024-07-08 17:14:36 INFO  MarketService:47 - Market :,null successfully added
2024-07-08 17:16:33 INFO  MarketService:47 - Market :,null successfully added
2024-07-08 17:17:47 INFO  MarketService:47 - Market :,null successfully added
2024-07-08 17:18:42 INFO  MarketService:47 - Market :,null successfully added
2024-07-08 17:22:33 INFO  MarketService:47 - Market :,null successfully added
2024-07-08 17:25:29 INFO  MarketService:47 - Market :,null successfully added
2024-07-08 17:26:12 INFO  MarketService:47 - Market :,null successfully added
2024-07-08 17:29:13 INFO  MarketService:47 - Market :,null successfully added
2024-07-08 19:56:13 INFO  MarketService:47 - Market :,UNIBANK successfully added
2024-07-08 21:35:55 INFO  MarketService:47 - Market :,UNIBANK successfully added
2024-07-08 22:03:58 INFO  MarketService:47 - Market :,Ararat successfully added
